[debug] [2019-10-22T17:28:28.633Z] ----------------------------------------------------------------------
[debug] [2019-10-22T17:28:28.639Z] Command:       C:\Program Files\nodejs\node.exe C:\Users\IVAN\AppData\Roaming\npm\node_modules\firebase-tools\lib\bin\firebase.js init
[debug] [2019-10-22T17:28:28.640Z] CLI Version:   7.4.0
[debug] [2019-10-22T17:28:28.640Z] Platform:      win32
[debug] [2019-10-22T17:28:28.640Z] Node Version:  v10.15.3
[debug] [2019-10-22T17:28:28.643Z] Time:          Tue Oct 22 2019 20:28:28 GMT+0300 (East Africa Time)
[debug] [2019-10-22T17:28:28.643Z] ----------------------------------------------------------------------
[debug] 
[debug] [2019-10-22T17:28:28.671Z] > command requires scopes: ["email","openid","https://www.googleapis.com/auth/cloudplatformprojects.readonly","https://www.googleapis.com/auth/firebase","https://www.googleapis.com/auth/cloud-platform"]
[debug] [2019-10-22T17:28:28.673Z] > authorizing via signed-in user
[info] 
     ######## #### ########  ######## ########     ###     ######  ########
     ##        ##  ##     ## ##       ##     ##  ##   ##  ##       ##
     ######    ##  ########  ######   ########  #########  ######  ######
     ##        ##  ##    ##  ##       ##     ## ##     ##       ## ##
     ##       #### ##     ## ######## ########  ##     ##  ######  ########

You're about to initialize a Firebase project in this directory:

  D:\PW

Before we get started, keep in mind:

  * You are initializing in an existing Firebase project directory

[info] 
=== Project Setup
[info] 
[info] First, let's associate this project directory with a Firebase project.
[info] You can create multiple project aliases by running firebase use --add, 
[info] but for now we'll just set up a default project.
[info] 
[info] i  .firebaserc already has a default project, using e-commerce-98eea.
[debug] [2019-10-22T17:28:40.194Z] >>> HTTP REQUEST GET https://firebase.googleapis.com/v1beta1/projects/e-commerce-98eea  
 
[debug] [2019-10-22T17:28:42.545Z] <<< HTTP RESPONSE 200
[info] 
=== Hosting Setup
[info] 
[info] Your public directory is the folder (relative to your project directory) that
[info] will contain Hosting assets to be uploaded with firebase deploy. If you
[info] have a build process for your assets, use your build's output directory.
[info] 
[debug] [2019-10-22T17:28:49.328Z] >>> HTTP REQUEST GET https://www.gstatic.com/firebasejs/releases.json  
 
[debug] [2019-10-22T17:28:55.992Z] Error: unable to verify the first certificate
    at TLSSocket.onConnectSecure (_tls_wrap.js:1051:34)
    at TLSSocket.emit (events.js:189:13)
    at TLSSocket.EventEmitter.emit (domain.js:441:20)
    at TLSSocket._finishInit (_tls_wrap.js:633:8)
[error] 
[error] Error: Server Error. unable to verify the first certificate
